-------------------------------------------------------------------------------
Test set: mavensample.tests.SampleTest
-------------------------------------------------------------------------------
Tests run: 2, Failures: 1, Errors: 0, Skipped: 0, Time elapsed: 1.005 sec <<< FAILURE!
FirstTest(mavensample.tests.SampleTest)  Time elapsed: 0.027 sec  <<< FAILURE!
java.lang.AssertionError: null
	at org.testng.Assert.fail(Assert.java:96)
	at org.testng.Assert.fail(Assert.java:103)
	at mavensample.tests.SampleTest.FirstTest(SampleTest.java:11)

